<?xml version="1.0" encoding="UTF-8"?>
<!-- Generated by org.testng.reporters.JUnitXMLReporter -->
<testsuite ignored="0" hostname="Ishanth" failures="0" tests="4" name="Default test" time="42.455" errors="0" timestamp="20 Jan 2019 22:34:05 GMT">
  <testcase classname="com.crm.qa.testcases.LoginPageTest" name="crmLogoImageTest" time="0.091"/>
  <testcase classname="com.crm.qa.testcases.LoginPageTest" name="featuresLinkTest" time="0.544"/>
  <testcase classname="com.crm.qa.testcases.LoginPageTest" name="loginPageTitleTest" time="0.04"/>
  <testcase classname="com.crm.qa.testcases.LoginPageTest" name="loginTest" time="4.581"/>
</testsuite> <!-- Default test -->
