<?xml version="1.0" encoding="UTF-8"?>
<testng-results ignored="0" total="4" passed="4" failed="0" skipped="0">
  <reporter-output>
  </reporter-output>
  <suite started-at="2019-01-20T22:33:23Z" name="Default suite" finished-at="2019-01-20T22:34:05Z" duration-ms="42455">
    <groups>
    </groups>
    <test started-at="2019-01-20T22:33:23Z" name="Default test" finished-at="2019-01-20T22:34:05Z" duration-ms="42455">
      <class name="com.crm.qa.testcases.LoginPageTest">
        <test-method is-config="true" signature="setUp()[pri:0, instance:com.crm.qa.testcases.LoginPageTest@38afe297]" started-at="2019-01-20T17:33:23Z" name="setUp" finished-at="2019-01-20T17:33:34Z" duration-ms="10743" status="PASS">
          <reporter-output>
          </reporter-output>
        </test-method> <!-- setUp -->
        <test-method signature="crmLogoImageTest()[pri:0, instance:com.crm.qa.testcases.LoginPageTest@38afe297]" started-at="2019-01-20T17:33:34Z" name="crmLogoImageTest" finished-at="2019-01-20T17:33:34Z" duration-ms="91" status="PASS">
          <reporter-output>
          </reporter-output>
        </test-method> <!-- crmLogoImageTest -->
        <test-method is-config="true" signature="tearDown()[pri:0, instance:com.crm.qa.testcases.LoginPageTest@38afe297]" started-at="2019-01-20T17:33:34Z" name="tearDown" finished-at="2019-01-20T17:33:34Z" duration-ms="727" status="PASS">
          <reporter-output>
          </reporter-output>
        </test-method> <!-- tearDown -->
        <test-method is-config="true" signature="setUp()[pri:0, instance:com.crm.qa.testcases.LoginPageTest@38afe297]" started-at="2019-01-20T17:33:34Z" name="setUp" finished-at="2019-01-20T17:33:42Z" duration-ms="7970" status="PASS">
          <reporter-output>
          </reporter-output>
        </test-method> <!-- setUp -->
        <test-method signature="featuresLinkTest()[pri:0, instance:com.crm.qa.testcases.LoginPageTest@38afe297]" started-at="2019-01-20T17:33:42Z" name="featuresLinkTest" finished-at="2019-01-20T17:33:43Z" duration-ms="544" status="PASS">
          <reporter-output>
          </reporter-output>
        </test-method> <!-- featuresLinkTest -->
        <test-method is-config="true" signature="tearDown()[pri:0, instance:com.crm.qa.testcases.LoginPageTest@38afe297]" started-at="2019-01-20T17:33:43Z" name="tearDown" finished-at="2019-01-20T17:33:44Z" duration-ms="687" status="PASS">
          <reporter-output>
          </reporter-output>
        </test-method> <!-- tearDown -->
        <test-method is-config="true" signature="setUp()[pri:0, instance:com.crm.qa.testcases.LoginPageTest@38afe297]" started-at="2019-01-20T17:33:44Z" name="setUp" finished-at="2019-01-20T17:33:52Z" duration-ms="8280" status="PASS">
          <reporter-output>
          </reporter-output>
        </test-method> <!-- setUp -->
        <test-method signature="loginPageTitleTest()[pri:0, instance:com.crm.qa.testcases.LoginPageTest@38afe297]" started-at="2019-01-20T17:33:52Z" name="loginPageTitleTest" finished-at="2019-01-20T17:33:52Z" duration-ms="40" status="PASS">
          <reporter-output>
          </reporter-output>
        </test-method> <!-- loginPageTitleTest -->
        <test-method is-config="true" signature="tearDown()[pri:0, instance:com.crm.qa.testcases.LoginPageTest@38afe297]" started-at="2019-01-20T17:33:52Z" name="tearDown" finished-at="2019-01-20T17:33:53Z" duration-ms="693" status="PASS">
          <reporter-output>
          </reporter-output>
        </test-method> <!-- tearDown -->
        <test-method is-config="true" signature="setUp()[pri:0, instance:com.crm.qa.testcases.LoginPageTest@38afe297]" started-at="2019-01-20T17:33:53Z" name="setUp" finished-at="2019-01-20T17:34:00Z" duration-ms="7365" status="PASS">
          <reporter-output>
          </reporter-output>
        </test-method> <!-- setUp -->
        <test-method signature="loginTest()[pri:0, instance:com.crm.qa.testcases.LoginPageTest@38afe297]" started-at="2019-01-20T17:34:00Z" name="loginTest" finished-at="2019-01-20T17:34:05Z" duration-ms="4581" status="PASS">
          <reporter-output>
          </reporter-output>
        </test-method> <!-- loginTest -->
        <test-method is-config="true" signature="tearDown()[pri:0, instance:com.crm.qa.testcases.LoginPageTest@38afe297]" started-at="2019-01-20T17:34:05Z" name="tearDown" finished-at="2019-01-20T17:34:05Z" duration-ms="690" status="PASS">
          <reporter-output>
          </reporter-output>
        </test-method> <!-- tearDown -->
      </class> <!-- com.crm.qa.testcases.LoginPageTest -->
    </test> <!-- Default test -->
  </suite> <!-- Default suite -->
</testng-results>
